\BOOKMARK [1][-]{section.1}{\376\377\000I\000n\000t\000r\000o\000d\000u\000c\000t\000i\000o\000n}{}% 1
\BOOKMARK [2][-]{subsection.1.1}{\376\377\000C\000o\000n\000t\000e\000x\000t\000e\000\040\000g\000\351\000n\000\351\000r\000a\000l\000\040}{section.1}% 2
\BOOKMARK [3][-]{subsubsection.1.1.1}{\376\377\000C\000l\000i\000e\000n\000t}{subsection.1.1}% 3
\BOOKMARK [2][-]{subsection.1.2}{\376\377\000O\000b\000j\000e\000c\000t\000i\000f\000s\000\040}{section.1}% 4
\BOOKMARK [2][-]{subsection.1.3}{\376\377\000C\000a\000d\000r\000e\000\040\000d\000i\000d\000a\000c\000t\000i\000q\000u\000e\000\040\000d\000e\000\040\000l\000a\000\040\000r\000\351\000a\000l\000i\000s\000a\000t\000i\000o\000n}{section.1}% 5
\BOOKMARK [1][-]{section.2}{\376\377\000M\000\351\000t\000h\000o\000d\000e\000\040\000d\000e\000\040\000t\000r\000a\000v\000a\000i\000l}{}% 6
\BOOKMARK [2][-]{subsection.2.1}{\376\377\000M\000\351\000t\000h\000o\000d\000o\000l\000o\000g\000i\000e}{section.2}% 7
\BOOKMARK [3][-]{subsubsection.2.1.1}{\376\377\000O\000u\000t\000i\000l\000s}{subsection.2.1}% 8
\BOOKMARK [3][-]{subsubsection.2.1.2}{\376\377\000G\000i\000t\000f\000l\000o\000w}{subsection.2.1}% 9
\BOOKMARK [2][-]{subsection.2.2}{\376\377\000C\000h\000o\000i\000x\000\040\000d\000e\000s\000\040\000t\000e\000c\000h\000n\000o\000l\000o\000g\000i\000e\000s}{section.2}% 10
\BOOKMARK [3][-]{subsubsection.2.2.1}{\376\377\000F\000r\000o\000n\000t\000e\000n\000d}{subsection.2.2}% 11
\BOOKMARK [3][-]{subsubsection.2.2.2}{\376\377\000W\000e\000b\000\040\000S\000e\000r\000v\000e\000r}{subsection.2.2}% 12
\BOOKMARK [3][-]{subsubsection.2.2.3}{\376\377\000B\000a\000c\000k\000e\000n\000d}{subsection.2.2}% 13
\BOOKMARK [3][-]{subsubsection.2.2.4}{\376\377\000D\000a\000t\000a\000b\000a\000s\000e}{subsection.2.2}% 14
\BOOKMARK [2][-]{subsection.2.3}{\376\377\000A\000u\000t\000r\000e\000s}{section.2}% 15
\BOOKMARK [3][-]{subsubsection.2.3.1}{\376\377\000A\000P\000I\000\040\000D\000o\000c\000u\000m\000e\000n\000t\000a\000t\000i\000o\000n}{subsection.2.3}% 16
\BOOKMARK [3][-]{subsubsection.2.3.2}{\376\377\000L\000i\000n\000t\000e\000r}{subsection.2.3}% 17
\BOOKMARK [1][-]{section.3}{\376\377\000U\000s\000e\000r\000\040\000S\000t\000o\000r\000i\000e\000s}{}% 18
\BOOKMARK [2][-]{subsection.3.1}{\376\377\000D\000e\000s\000c\000r\000i\000p\000t\000i\000o\000n\000\040}{section.3}% 19
\BOOKMARK [3][-]{subsubsection.3.1.1}{\376\377\000E\000x\000e\000m\000p\000l\000e\000\040}{subsection.3.1}% 20
\BOOKMARK [2][-]{subsection.3.2}{\376\377\000L\000i\000s\000t\000e\000\040\000d\000e\000s\000\040\000f\000o\000n\000c\000t\000i\000o\000n\000n\000a\000l\000i\000t\000\351\000s\000\040\000d\000\351\000v\000\351\000l\000o\000p\000\351\000e\000s}{section.3}% 21
\BOOKMARK [1][-]{section.4}{\376\377\000D\000\351\000p\000l\000o\000i\000e\000m\000e\000n\000t}{}% 22
\BOOKMARK [2][-]{subsection.4.1}{\376\377\000\311\000t\000u\000d\000e\000s\000\040\000d\000e\000s\000\040\000d\000i\000f\000f\000\351\000r\000e\000n\000t\000e\000s\000\040\000s\000o\000l\000u\000t\000i\000o\000n\000s}{section.4}% 23
\BOOKMARK [3][-]{subsubsection.4.1.1}{\376\377\000H\000e\000r\000o\000k\000u}{subsection.4.1}% 24
\BOOKMARK [3][-]{subsubsection.4.1.2}{\376\377\000S\000e\000r\000v\000e\000u\000r\000s\000\040\000d\000\351\000d\000i\000\351\000s\000\040\000O\000V\000H}{subsection.4.1}% 25
\BOOKMARK [3][-]{subsubsection.4.1.3}{\376\377\000J\000u\000s\000t\000i\000f\000i\000c\000a\000t\000i\000o\000n\000\040\000d\000u\000\040\000c\000h\000o\000i\000x}{subsection.4.1}% 26
\BOOKMARK [2][-]{subsection.4.2}{\376\377\000I\000n\000t\000\351\000g\000r\000a\000t\000i\000o\000n\000\040\000C\000o\000n\000t\000i\000n\000u\000e\000\040\000e\000t\000\040\000D\000\351\000p\000l\000o\000i\000e\000m\000e\000n\000t\000\040\000C\000o\000n\000t\000i\000n\000u}{section.4}% 27
\BOOKMARK [3][-]{subsubsection.4.2.1}{\376\377\000D\000o\000c\000k\000e\000r}{subsection.4.2}% 28
\BOOKMARK [3][-]{subsubsection.4.2.2}{\376\377\000S\000c\000r\000i\000p\000t\000s}{subsection.4.2}% 29
\BOOKMARK [3][-]{subsubsection.4.2.3}{\376\377\000G\000i\000t\000h\000u\000b\000\040\000w\000o\000r\000k\000f\000l\000o\000w}{subsection.4.2}% 30
\BOOKMARK [1][-]{section.5}{\376\377\000T\000e\000s\000t\000i\000n\000g}{}% 31
\BOOKMARK [2][-]{subsection.5.1}{\376\377\000\040\000U\000n\000i\000t\000a\000i\000r\000e\000s}{section.5}% 32
\BOOKMARK [2][-]{subsection.5.2}{\376\377\000\040\000I\000n\000t\000e\000g\000r\000a\000t\000i\000o\000n\000s}{section.5}% 33
\BOOKMARK [2][-]{subsection.5.3}{\376\377\000\040\000E\000n\000d\000-\000t\000o\000-\000E\000n\000d}{section.5}% 34
\BOOKMARK [1][-]{section.6}{\376\377\000O\000p\000t\000i\000m\000i\000s\000a\000t\000i\000o\000n}{}% 35
\BOOKMARK [2][-]{subsection.6.1}{\376\377\000C\000a\000c\000h\000i\000n\000g}{section.6}% 36
\BOOKMARK [2][-]{subsection.6.2}{\376\377\000C\000a\000c\000h\000i\000n\000g\000\040\000B\000a\000c\000k\000e\000n\000d}{section.6}% 37
\BOOKMARK [3][-]{subsubsection.6.2.1}{\376\377\000A\000n\000a\000l\000y\000s\000e\000\040\000d\000e\000s\000\040\000r\000\351\000s\000u\000l\000t\000a\000t\000s}{subsection.6.2}% 38
\BOOKMARK [4][-]{paragraph.6.2.1.1}{\376\377\000S\000a\000n\000s\000\040\000u\000t\000i\000l\000i\000s\000a\000t\000i\000o\000n\000\040\000d\000e\000\040\000R\000e\000d\000i\000s}{subsubsection.6.2.1}% 39
\BOOKMARK [4][-]{paragraph.6.2.1.2}{\376\377\000A\000v\000e\000c\000\040\000u\000t\000i\000l\000i\000s\000a\000t\000i\000o\000n\000\040\000d\000e\000\040\000R\000e\000d\000i\000s}{subsubsection.6.2.1}% 40
\BOOKMARK [2][-]{subsection.6.3}{\376\377\000C\000a\000c\000h\000i\000n\000g\000\040\000F\000r\000o\000n\000t\000e\000n\000d}{section.6}% 41
\BOOKMARK [1][-]{section.7}{\376\377\000S\000\351\000c\000u\000r\000i\000t\000\351}{}% 42
\BOOKMARK [2][-]{subsection.7.1}{\376\377\000F\000r\000o\000n\000t\000e\000n\000d}{section.7}% 43
\BOOKMARK [3][-]{subsubsection.7.1.1}{\376\377\000R\000o\000u\000t\000a\000g\000e}{subsection.7.1}% 44
\BOOKMARK [2][-]{subsection.7.2}{\376\377\000B\000a\000c\000k\000e\000n\000d}{section.7}% 45
\BOOKMARK [3][-]{subsubsection.7.2.1}{\376\377\000R\000o\000u\000t\000a\000g\000e\000\040\000A\000P\000I}{subsection.7.2}% 46
\BOOKMARK [3][-]{subsubsection.7.2.2}{\376\377\000B\000a\000s\000e\000\040\000d\000e\000\040\000d\000o\000n\000n\000\351\000e\000s}{subsection.7.2}% 47
\BOOKMARK [3][-]{subsubsection.7.2.3}{\376\377\000E\000n\000-\000t\000\352\000t\000e\000s\000\040\000H\000T\000T\000P\000S}{subsection.7.2}% 48
\BOOKMARK [2][-]{subsection.7.3}{\376\377\000W\000e\000b\000\040\000S\000e\000r\000v\000e\000r}{section.7}% 49
\BOOKMARK [3][-]{subsubsection.7.3.1}{\376\377\000C\000o\000n\000f\000i\000g\000u\000r\000a\000t\000i\000o\000n\000\040\000d\000e\000\040\000b\000a\000s\000e}{subsection.7.3}% 50
\BOOKMARK [3][-]{subsubsection.7.3.2}{\376\377\000F\000i\000r\000e\000w\000a\000l\000l}{subsection.7.3}% 51
\BOOKMARK [3][-]{subsubsection.7.3.3}{\376\377\000R\000e\000v\000e\000r\000s\000e\000-\000p\000r\000o\000x\000y}{subsection.7.3}% 52
\BOOKMARK [2][-]{subsection.7.4}{\376\377\000A\000u\000t\000r\000e\000s}{section.7}% 53
\BOOKMARK [3][-]{subsubsection.7.4.1}{\376\377\000L\000i\000b\000r\000a\000r\000i\000e\000s}{subsection.7.4}% 54
\BOOKMARK [1][-]{section.8}{\376\377\000M\000o\000n\000i\000t\000o\000r\000i\000n\000g}{}% 55
\BOOKMARK [1][-]{section.9}{\376\377\000C\000o\000n\000c\000l\000u\000s\000i\000o\000n}{}% 56
\BOOKMARK [1][-]{section.10}{\376\377\000B\000i\000b\000l\000i\000o\000g\000r\000a\000p\000h\000i\000e}{}% 57
